[2024-10-14 02:12:48,153: INFO: main: Welcome to our custom log]
[2024-10-15 00:49:21,696: INFO: common: yaml file: config\config.yaml loaded successfully]
[2024-10-15 00:49:21,707: INFO: common: yaml file: params.yaml loaded successfully]
[2024-10-15 00:49:22,015: INFO: common: created directory at: artifacts]
[2024-10-15 00:49:22,018: INFO: common: created directory at: artifacts/data_ingestion]
[2024-10-15 00:49:22,020: INFO: 986331348: Downloading data from https://drive.google.com/file/d/1kpNwooNISCBO40HmYuUXKW6ckfbZA-NT/view?usp=sharing into file artifacts/data_ingestion/data.zip]
[2024-10-15 00:50:28,006: INFO: 986331348: Downloaded data from https://drive.google.com/file/d/1kpNwooNISCBO40HmYuUXKW6ckfbZA-NT/view?usp=sharing into file artifacts/data_ingestion/data.zip]
[2024-10-15 01:05:26,830: INFO: main: >>>>>> stage Data Ingestion stage started <<<<<<]
[2024-10-15 01:05:26,832: INFO: common: yaml file: config\config.yaml loaded successfully]
[2024-10-15 01:05:26,833: INFO: common: yaml file: params.yaml loaded successfully]
[2024-10-15 01:05:26,833: INFO: common: created directory at: artifacts]
[2024-10-15 01:05:26,833: INFO: common: created directory at: artifacts/data_ingestion]
[2024-10-15 01:05:26,835: INFO: data_ingestion: Downloading data from https://drive.google.com/file/d/1kpNwooNISCBO40HmYuUXKW6ckfbZA-NT/view?usp=sharing into file artifacts/data_ingestion/data.zip]
[2024-10-15 01:06:30,967: INFO: data_ingestion: Downloaded data from https://drive.google.com/file/d/1kpNwooNISCBO40HmYuUXKW6ckfbZA-NT/view?usp=sharing into file artifacts/data_ingestion/data.zip]
[2024-10-15 01:06:31,576: INFO: main: >>>>>> stage Data Ingestion stage completed <<<<<<

x==========x]
[2024-10-15 02:30:06,063: INFO: common: yaml file: config\config.yaml loaded successfully]
[2024-10-15 02:30:06,083: INFO: common: yaml file: params.yaml loaded successfully]
[2024-10-15 02:30:06,088: INFO: common: created directory at: artifacts]
[2024-10-15 02:30:06,091: INFO: common: created directory at: artifacts/prepare_base_model]
[2024-10-15 02:30:25,145: WARNING: saving_utils: Compiled the loaded model, but the compiled metrics have yet to be built. `model.compile_metrics` will be empty until you train or evaluate the model.]
[2024-10-15 02:43:37,904: INFO: main: >>>>>> stage Data Ingestion stage started <<<<<<]
[2024-10-15 02:43:37,907: INFO: common: yaml file: config\config.yaml loaded successfully]
[2024-10-15 02:43:37,909: INFO: common: yaml file: params.yaml loaded successfully]
[2024-10-15 02:43:37,909: INFO: common: created directory at: artifacts]
[2024-10-15 02:43:37,909: INFO: common: created directory at: artifacts/data_ingestion]
[2024-10-15 02:43:37,910: INFO: data_ingestion: Downloading data from https://drive.google.com/file/d/1kpNwooNISCBO40HmYuUXKW6ckfbZA-NT/view?usp=sharing into file artifacts/data_ingestion/data.zip]
[2024-10-15 02:44:02,950: INFO: data_ingestion: Downloaded data from https://drive.google.com/file/d/1kpNwooNISCBO40HmYuUXKW6ckfbZA-NT/view?usp=sharing into file artifacts/data_ingestion/data.zip]
[2024-10-15 02:44:03,859: INFO: main: >>>>>> stage Data Ingestion stage completed <<<<<<

x==========x]
[2024-10-15 02:44:03,860: INFO: main: *******************]
[2024-10-15 02:44:03,860: INFO: main: >>>>>> stage Prepare base model started <<<<<<]
[2024-10-15 02:44:03,862: INFO: common: yaml file: config\config.yaml loaded successfully]
[2024-10-15 02:44:03,864: INFO: common: yaml file: params.yaml loaded successfully]
[2024-10-15 02:44:03,864: INFO: common: created directory at: artifacts]
[2024-10-15 02:44:03,864: INFO: common: created directory at: artifacts/prepare_base_model]
[2024-10-15 02:44:04,438: WARNING: saving_utils: Compiled the loaded model, but the compiled metrics have yet to be built. `model.compile_metrics` will be empty until you train or evaluate the model.]
[2024-10-15 02:44:04,934: INFO: main: >>>>>> stage Prepare base model completed <<<<<<

x==========x]
[2024-10-15 02:55:35,409: INFO: common: yaml file: config\config.yaml loaded successfully]
[2024-10-15 02:55:35,414: INFO: common: yaml file: params.yaml loaded successfully]
[2024-10-15 02:55:35,515: INFO: common: created directory at: artifacts]
[2024-10-15 02:55:35,517: INFO: common: created directory at: artifacts\training]
[2024-10-15 02:57:04,116: INFO: common: yaml file: config\config.yaml loaded successfully]
[2024-10-15 02:57:04,125: INFO: common: yaml file: params.yaml loaded successfully]
[2024-10-15 02:57:04,128: INFO: common: created directory at: artifacts]
[2024-10-15 02:57:04,129: INFO: common: created directory at: artifacts\training]
[2024-10-15 03:07:21,251: INFO: common: yaml file: config\config.yaml loaded successfully]
[2024-10-15 03:07:21,263: INFO: common: yaml file: params.yaml loaded successfully]
[2024-10-15 03:07:21,265: INFO: common: created directory at: artifacts]
[2024-10-15 03:07:21,268: INFO: common: created directory at: artifacts\training]
[2024-10-15 03:41:25,601: INFO: main: >>>>>> stage Data Ingestion stage started <<<<<<]
[2024-10-15 03:41:25,604: INFO: common: yaml file: config\config.yaml loaded successfully]
[2024-10-15 03:41:25,606: INFO: common: yaml file: params.yaml loaded successfully]
[2024-10-15 03:41:25,619: INFO: common: created directory at: artifacts]
[2024-10-15 03:41:25,619: INFO: common: created directory at: artifacts/data_ingestion]
[2024-10-15 03:41:25,620: INFO: data_ingestion: Downloading data from https://drive.google.com/file/d/1kpNwooNISCBO40HmYuUXKW6ckfbZA-NT/view?usp=sharing into file artifacts/data_ingestion/data.zip]
[2024-10-15 03:41:55,880: INFO: data_ingestion: Downloaded data from https://drive.google.com/file/d/1kpNwooNISCBO40HmYuUXKW6ckfbZA-NT/view?usp=sharing into file artifacts/data_ingestion/data.zip]
[2024-10-15 03:41:56,631: INFO: main: >>>>>> stage Data Ingestion stage completed <<<<<<

x==========x]
[2024-10-15 03:41:56,631: INFO: main: *******************]
[2024-10-15 03:41:56,632: INFO: main: >>>>>> stage Prepare base model started <<<<<<]
[2024-10-15 03:41:56,634: INFO: common: yaml file: config\config.yaml loaded successfully]
[2024-10-15 03:41:56,636: INFO: common: yaml file: params.yaml loaded successfully]
[2024-10-15 03:41:56,636: INFO: common: created directory at: artifacts]
[2024-10-15 03:41:56,637: INFO: common: created directory at: artifacts/prepare_base_model]
[2024-10-15 03:41:57,178: WARNING: saving_utils: Compiled the loaded model, but the compiled metrics have yet to be built. `model.compile_metrics` will be empty until you train or evaluate the model.]
[2024-10-15 03:41:57,429: INFO: main: >>>>>> stage Prepare base model completed <<<<<<

x==========x]
[2024-10-15 03:41:57,429: INFO: main: *******************]
[2024-10-15 03:41:57,429: INFO: main: >>>>>> stage Training started <<<<<<]
[2024-10-15 03:41:57,432: INFO: common: yaml file: config\config.yaml loaded successfully]
[2024-10-15 03:41:57,435: INFO: common: yaml file: params.yaml loaded successfully]
[2024-10-15 03:41:57,435: INFO: common: created directory at: artifacts]
[2024-10-15 03:41:57,436: INFO: common: created directory at: artifacts\training]
[2024-10-15 03:54:26,417: INFO: main: >>>>>> stage Training completed <<<<<<

x==========x]
